GroupNo16-InstantEyeCheck-upSystem/app/build/outputs/logs/manifest-merger-debug-report.txt
-- Merging decision tree log ---
manifest
ADDED from src\main\AndroidManifest.xml:2:1-286:12
INJECTED from src\main\AndroidManifest.xml:2:1-286:12
INJECTED from src\main\AndroidManifest.xml:2:1-286:12
INJECTED from src\main\AndroidManifest.xml:2:1-286:12
MERGED from [com.android.support:design:26.1.0] AndroidManifest.xml:17:1-31:12
MERGED from [com.android.support:appcompat-v7:26.1.0] AndroidManifest.xml:17:1-31:12
MERGED from [com.google.android.gms:play-services-location:11.8.0] AndroidManifest.xml:2:1-9:12
MERGED from [com.google.android.gms:play-services-vision:11.8.0] AndroidManifest.xml:2:1-9:12
MERGED from [com.google.android.gms:play-services-maps:11.8.0] AndroidManifest.xml:17:1-32:12
MERGED from [com.google.android.gms:play-services-vision-common:11.8.0] AndroidManifest.xml:2:1-9:12
MERGED from [com.google.android.gms:play-services-base:11.8.0] AndroidManifest.xml:17:1-29:12
MERGED from [com.google.firebase:firebase-core:11.8.0] AndroidManifest.xml:2:1-6:12
MERGED from [com.google.firebase:firebase-analytics:11.8.0] AndroidManifest.xml:17:1-54:12
MERGED from [com.google.firebase:firebase-analytics-impl:11.8.0] AndroidManifest.xml:17:1-40:12
MERGED from [com.google.firebase:firebase-iid:11.8.0] AndroidManifest.xml:17:1-59:12
MERGED from [com.google.firebase:firebase-common:11.8.0] AndroidManifest.xml:2:1-15:12
MERGED from [com.google.android.gms:play-services-tasks:11.8.0] AndroidManifest.xml:2:1-9:12
MERGED from [com.google.android.gms:play-services-basement:11.8.0] AndroidManifest.xml:17:1-28:12
MERGED from [com.android.support:transition:26.1.0] AndroidManifest.xml:17:1-28:12
MERGED from [com.android.support:support-v4:26.1.0] AndroidManifest.xml:17:1-31:12
MERGED from [com.android.support:multidex:1.0.2] AndroidManifest.xml:17:1-22:12
MERGED from [com.android.support.constraint:constraint-layout:1.0.2] AndroidManifest.xml:2:1-11:12
MERGED from [com.android.support:animated-vector-drawable:26.1.0] AndroidManifest.xml:17:1-28:12
MERGED from [com.android.support:support-vector-drawable:26.1.0] AndroidManifest.xml:17:1-28:12
MERGED from [com.android.support:recyclerview-v7:26.1.0] AndroidManifest.xml:17:1-28:12
MERGED from [com.android.support:support-fragment:26.1.0] AndroidManifest.xml:17:1-31:12
MERGED from [com.android.support:support-core-ui:26.1.0] AndroidManifest.xml:17:1-31:12
MERGED from [com.android.support:support-media-compat:26.1.0] AndroidManifest.xml:17:1-31:12
MERGED from [com.android.support:support-core-utils:26.1.0] AndroidManifest.xml:17:1-31:12
MERGED from [com.android.support:support-compat:26.1.0] AndroidManifest.xml:17:1-31:12
MERGED from [com.google.android.gms:play-services-location-license:11.8.0] AndroidManifest.xml:2:1-6:12
MERGED from [com.google.android.gms:play-services-vision-license:11.8.0] AndroidManifest.xml:2:1-6:12
MERGED from [com.google.android.gms:play-services-maps-license:11.8.0] AndroidManifest.xml:2:1-6:12
MERGED from [com.google.android.gms:play-services-base-license:11.8.0] AndroidManifest.xml:2:1-6:12
MERGED from [com.google.android.gms:play-services-basement-license:11.8.0] AndroidManifest.xml:2:1-6:12
MERGED from [com.google.android.gms:play-services-tasks-license:11.8.0] AndroidManifest.xml:2:1-6:12
MERGED from [android.arch.lifecycle:runtime:1.0.0] AndroidManifest.xml:17:1-30:12
MERGED from [com.google.android.gms:play-services-vision-common-license:11.8.0] AndroidManifest.xml:2:1-6:12
MERGED from [com.google.firebase:firebase-analytics-license:11.8.0] AndroidManifest.xml:2:1-6:12
MERGED from [com.google.firebase:firebase-common-license:11.8.0] AndroidManifest.xml:2:1-6:12
MERGED from [com.google.firebase:firebase-analytics-impl-license:11.8.0] AndroidManifest.xml:2:1-6:12
MERGED from [com.google.firebase:firebase-iid-license:11.8.0] AndroidManifest.xml:2:1-6:12
INJECTED from src\main\AndroidManifest.xml:2:1-286:12
INJECTED from src\main\AndroidManifest.xml:2:1-286:12
INJECTED from src\main\AndroidManifest.xml:2:1-286:12
	package
		ADDED from src\main\AndroidManifest.xml:3:5-57
		INJECTED from src\main\AndroidManifest.xml
		INJECTED from src\main\AndroidManifest.xml
	android:versionName
		ADDED from src\main\AndroidManifest.xml:4:5-30
		INJECTED from src\main\AndroidManifest.xml
		INJECTED from src\main\AndroidManifest.xml
	android:versionCode
		INJECTED from src\main\AndroidManifest.xml
		ADDED from src\main\AndroidManifest.xml:2:1-286:12
		INJECTED from src\main\AndroidManifest.xml
	xmlns:android
		ADDED from src\main\AndroidManifest.xml:2:11-69
meta-data#com.google.android.gms.vision.DEPENDENCIES
ADDED from src\main\AndroidManifest.xml:6:5-8:32
	android:value
		ADDED from src\main\AndroidManifest.xml:8:9-29
	android:name
		ADDED from src\main\AndroidManifest.xml:7:9-66
uses-permission#android.permission.WRITE_EXTERNAL_STORAGE
ADDED from src\main\AndroidManifest.xml:10:5-81
	android:name
		ADDED from src\main\AndroidManifest.xml:10:22-78
uses-permission#android.permission.CAMERA
ADDED from src\main\AndroidManifest.xml:11:5-65
	android:name
		ADDED from src\main\AndroidManifest.xml:11:22-62
uses-permission#com.google.android.providers.gsf.permission.READ_GSERVICES
ADDED from src\main\AndroidManifest.xml:12:5-98
	android:name
		ADDED from src\main\AndroidManifest.xml:12:22-95
uses-permission#android.permission.ACCESS_COARSE_LOCATION
ADDED from src\main\AndroidManifest.xml:13:5-81
	android:name
		ADDED from src\main\AndroidManifest.xml:13:22-78
uses-permission#android.permission.INTERNET
ADDED from src\main\AndroidManifest.xml:14:5-67
MERGED from [com.google.android.gms:play-services-maps:11.8.0] AndroidManifest.xml:24:5-67
MERGED from [com.google.android.gms:play-services-maps:11.8.0] AndroidManifest.xml:24:5-67
MERGED from [com.google.firebase:firebase-analytics:11.8.0] AndroidManifest.xml:23:5-67
MERGED from [com.google.firebase:firebase-analytics:11.8.0] AndroidManifest.xml:23:5-67
MERGED from [com.google.firebase:firebase-analytics-impl:11.8.0] AndroidManifest.xml:23:5-67
MERGED from [com.google.firebase:firebase-analytics-impl:11.8.0] AndroidManifest.xml:23:5-67
MERGED from [com.google.firebase:firebase-iid:11.8.0] AndroidManifest.xml:23:5-67
MERGED from [com.google.firebase:firebase-iid:11.8.0] AndroidManifest.xml:23:5-67
	android:name
		ADDED from src\main\AndroidManifest.xml:14:22-64
uses-permission#android.permission.ACCESS_FINE_LOCATION
ADDED from src\main\AndroidManifest.xml:15:5-79
	android:name
		ADDED from src\main\AndroidManifest.xml:15:22-76
uses-permission#com.example.mymapsappsdirection.permission.MAPS_RECEIVE
ADDED from src\main\AndroidManifest.xml:16:5-95
	android:name
		ADDED from src\main\AndroidManifest.xml:16:22-92
application
ADDED from src\main\AndroidManifest.xml:18:5-284:19
MERGED from [com.android.support:design:26.1.0] AndroidManifest.xml:25:5-29:19
MERGED from [com.android.support:design:26.1.0] AndroidManifest.xml:25:5-29:19
MERGED from [com.android.support:appcompat-v7:26.1.0] AndroidManifest.xml:25:5-29:19
MERGED from [com.android.support:appcompat-v7:26.1.0] AndroidManifest.xml:25:5-29:19
MERGED from [com.google.android.gms:play-services-location:11.8.0] AndroidManifest.xml:7:5-20
MERGED from [com.google.android.gms:play-services-location:11.8.0] AndroidManifest.xml:7:5-20
MERGED from [com.google.android.gms:play-services-vision:11.8.0] AndroidManifest.xml:7:5-20
MERGED from [com.google.android.gms:play-services-vision:11.8.0] AndroidManifest.xml:7:5-20
MERGED from [com.google.android.gms:play-services-maps:11.8.0] AndroidManifest.xml:30:5-20
MERGED from [com.google.android.gms:play-services-maps:11.8.0] AndroidManifest.xml:30:5-20
MERGED from [com.google.android.gms:play-services-vision-common:11.8.0] AndroidManifest.xml:7:5-20
MERGED from [com.google.android.gms:play-services-vision-common:11.8.0] AndroidManifest.xml:7:5-20
MERGED from [com.google.android.gms:play-services-base:11.8.0] AndroidManifest.xml:22:5-27:19
MERGED from [com.google.android.gms:play-services-base:11.8.0] AndroidManifest.xml:22:5-27:19
MERGED from [com.google.firebase:firebase-core:11.8.0] AndroidManifest.xml:5:5-20
MERGED from [com.google.firebase:firebase-core:11.8.0] AndroidManifest.xml:5:5-20
MERGED from [com.google.firebase:firebase-analytics:11.8.0] AndroidManifest.xml:27:5-52:19
MERGED from [com.google.firebase:firebase-analytics:11.8.0] AndroidManifest.xml:27:5-52:19
MERGED from [com.google.firebase:firebase-analytics-impl:11.8.0] AndroidManifest.xml:27:5-38:19
MERGED from [com.google.firebase:firebase-analytics-impl:11.8.0] AndroidManifest.xml:27:5-38:19
MERGED from [com.google.firebase:firebase-iid:11.8.0] AndroidManifest.xml:34:5-57:19
MERGED from [com.google.firebase:firebase-iid:11.8.0] AndroidManifest.xml:34:5-57:19
MERGED from [com.google.firebase:firebase-common:11.8.0] AndroidManifest.xml:7:5-13:19
MERGED from [com.google.firebase:firebase-common:11.8.0] AndroidManifest.xml:7:5-13:19
MERGED from [com.google.android.gms:play-services-tasks:11.8.0] AndroidManifest.xml:7:5-20
MERGED from [com.google.android.gms:play-services-tasks:11.8.0] AndroidManifest.xml:7:5-20
MERGED from [com.google.android.gms:play-services-basement:11.8.0] AndroidManifest.xml:22:5-26:19
MERGED from [com.google.android.gms:play-services-basement:11.8.0] AndroidManifest.xml:22:5-26:19
MERGED from [com.android.support:transition:26.1.0] AndroidManifest.xml:22:5-26:19
MERGED from [com.android.support:transition:26.1.0] AndroidManifest.xml:22:5-26:19
MERGED from [com.android.support:support-v4:26.1.0] AndroidManifest.xml:25:5-29:19
MERGED from [com.android.support:support-v4:26.1.0] AndroidManifest.xml:25:5-29:19
MERGED from [com.android.support.constraint:constraint-layout:1.0.2] AndroidManifest.xml:9:5-20
MERGED from [com.android.support.constraint:constraint-layout:1.0.2] AndroidManifest.xml:9:5-20
MERGED from [com.android.support:animated-vector-drawable:26.1.0] AndroidManifest.xml:22:5-26:19
MERGED from [com.android.support:animated-vector-drawable:26.1.0] AndroidManifest.xml:22:5-26:19
MERGED from [com.android.support:support-vector-drawable:26.1.0] AndroidManifest.xml:22:5-26:19
MERGED from [com.android.support:support-vector-drawable:26.1.0] AndroidManifest.xml:22:5-26:19
MERGED from [com.android.support:recyclerview-v7:26.1.0] AndroidManifest.xml:22:5-26:19
MERGED from [com.android.support:recyclerview-v7:26.1.0] AndroidManifest.xml:22:5-26:19
MERGED from [com.android.support:support-fragment:26.1.0] AndroidManifest.xml:25:5-29:19
MERGED from [com.android.support:support-fragment:26.1.0] AndroidManifest.xml:25:5-29:19
MERGED from [com.android.support:support-core-ui:26.1.0] AndroidManifest.xml:25:5-29:19
MERGED from [com.android.support:support-core-ui:26.1.0] AndroidManifest.xml:25:5-29:19
MERGED from [com.android.support:support-media-compat:26.1.0] AndroidManifest.xml:25:5-29:19
MERGED from [com.android.support:support-media-compat:26.1.0] AndroidManifest.xml:25:5-29:19
MERGED from [com.android.support:support-core-utils:26.1.0] AndroidManifest.xml:25:5-29:19
MERGED from [com.android.support:support-core-utils:26.1.0] AndroidManifest.xml:25:5-29:19
MERGED from [com.android.support:support-compat:26.1.0] AndroidManifest.xml:25:5-29:19
MERGED from [com.android.support:support-compat:26.1.0] AndroidManifest.xml:25:5-29:19
MERGED from [com.google.android.gms:play-services-location-license:11.8.0] AndroidManifest.xml:5:5-20
MERGED from [com.google.android.gms:play-services-location-license:11.8.0] AndroidManifest.xml:5:5-20
MERGED from [com.google.android.gms:play-services-vision-license:11.8.0] AndroidManifest.xml:5:5-20
MERGED from [com.google.android.gms:play-services-vision-license:11.8.0] AndroidManifest.xml:5:5-20
MERGED from [com.google.android.gms:play-services-maps-license:11.8.0] AndroidManifest.xml:5:5-20
MERGED from [com.google.android.gms:play-services-maps-license:11.8.0] AndroidManifest.xml:5:5-20
MERGED from [com.google.android.gms:play-services-base-license:11.8.0] AndroidManifest.xml:5:5-20
MERGED from [com.google.android.gms:play-services-base-license:11.8.0] AndroidManifest.xml:5:5-20
MERGED from [com.google.android.gms:play-services-basement-license:11.8.0] AndroidManifest.xml:5:5-20
MERGED from [com.google.android.gms:play-services-basement-license:11.8.0] AndroidManifest.xml:5:5-20
MERGED from [com.google.android.gms:play-services-tasks-license:11.8.0] AndroidManifest.xml:5:5-20
MERGED from [com.google.android.gms:play-services-tasks-license:11.8.0] AndroidManifest.xml:5:5-20
MERGED from [android.arch.lifecycle:runtime:1.0.0] AndroidManifest.xml:24:5-28:19
MERGED from [android.arch.lifecycle:runtime:1.0.0] AndroidManifest.xml:24:5-28:19
MERGED from [com.google.android.gms:play-services-vision-common-license:11.8.0] AndroidManifest.xml:5:5-20
MERGED from [com.google.android.gms:play-services-vision-common-license:11.8.0] AndroidManifest.xml:5:5-20
MERGED from [com.google.firebase:firebase-analytics-license:11.8.0] AndroidManifest.xml:5:5-20
MERGED from [com.google.firebase:firebase-analytics-license:11.8.0] AndroidManifest.xml:5:5-20
MERGED from [com.google.firebase:firebase-common-license:11.8.0] AndroidManifest.xml:5:5-20
MERGED from [com.google.firebase:firebase-common-license:11.8.0] AndroidManifest.xml:5:5-20
MERGED from [com.google.firebase:firebase-analytics-impl-license:11.8.0] AndroidManifest.xml:5:5-20
MERGED from [com.google.firebase:firebase-analytics-impl-license:11.8.0] AndroidManifest.xml:5:5-20
MERGED from [com.google.firebase:firebase-iid-license:11.8.0] AndroidManifest.xml:5:5-20
MERGED from [com.google.firebase:firebase-iid-license:11.8.0] AndroidManifest.xml:5:5-20
	android:supportsRtl
		ADDED from src\main\AndroidManifest.xml:23:9-35
	android:label
		ADDED from src\main\AndroidManifest.xml:21:9-41
	android:largeHeap
		ADDED from src\main\AndroidManifest.xml:22:9-33
	android:icon
		ADDED from src\main\AndroidManifest.xml:20:9-40
	android:allowBackup
		ADDED from src\main\AndroidManifest.xml:19:9-35
	android:theme
		ADDED from src\main\AndroidManifest.xml:24:9-39
meta-data#com.google.android.geo.API_KEY
ADDED from src\main\AndroidManifest.xml:25:9-27:71
	android:value
		ADDED from src\main\AndroidManifest.xml:27:13-68
	android:name
		ADDED from src\main\AndroidManifest.xml:26:13-58
activity#com.example.admin.instanteyecheck_upsystem.question1
ADDED from src\main\AndroidManifest.xml:29:9-31:56
	android:parentActivityName
		ADDED from src\main\AndroidManifest.xml:31:13-53
	android:name
		ADDED from src\main\AndroidManifest.xml:30:13-38
activity#com.example.admin.instanteyecheck_upsystem.question2a
ADDED from src\main\AndroidManifest.xml:32:9-34:56
	android:parentActivityName
		ADDED from src\main\AndroidManifest.xml:34:13-53
	android:name
		ADDED from src\main\AndroidManifest.xml:33:13-39
activity#com.example.admin.instanteyecheck_upsystem.question2b
ADDED from src\main\AndroidManifest.xml:35:9-37:56
	android:parentActivityName
		ADDED from src\main\AndroidManifest.xml:37:13-53
	android:name
		ADDED from src\main\AndroidManifest.xml:36:13-39
activity#com.example.admin.instanteyecheck_upsystem.question3a
ADDED from src\main\AndroidManifest.xml:38:9-40:56
	android:parentActivityName
		ADDED from src\main\AndroidManifest.xml:40:13-53
	android:name
		ADDED from src\main\AndroidManifest.xml:39:13-39
activity#com.example.admin.instanteyecheck_upsystem.question3b
ADDED from src\main\AndroidManifest.xml:41:9-43:56
	android:parentActivityName
		ADDED from src\main\AndroidManifest.xml:43:13-53
	android:name
		ADDED from src\main\AndroidManifest.xml:42:13-39
activity#com.example.admin.instanteyecheck_upsystem.question4a
ADDED from src\main\AndroidManifest.xml:44:9-46:56
	android:parentActivityName
		ADDED from src\main\AndroidManifest.xml:46:13-53
	android:name
		ADDED from src\main\AndroidManifest.xml:45:13-39
activity#com.example.admin.instanteyecheck_upsystem.question4b
ADDED from src\main\AndroidManifest.xml:47:9-49:56
	android:parentActivityName
		ADDED from src\main\AndroidManifest.xml:49:13-53
	android:name
		ADDED from src\main\AndroidManifest.xml:48:13-39
activity#com.example.admin.instanteyecheck_upsystem.question5b
ADDED from src\main\AndroidManifest.xml:50:9-52:56
	android:parentActivityName
		ADDED from src\main\AndroidManifest.xml:52:13-53
	android:name
		ADDED from src\main\AndroidManifest.xml:51:13-39
activity#com.example.admin.instanteyecheck_upsystem.question6a
ADDED from src\main\AndroidManifest.xml:53:9-55:56
	android:parentActivityName
		ADDED from src\main\AndroidManifest.xml:55:13-53
	android:name
		ADDED from src\main\AndroidManifest.xml:54:13-39
activity#com.example.admin.instanteyecheck_upsystem.acutegalucoma
ADDED from src\main\AndroidManifest.xml:56:9-58:56
	android:parentActivityName
		ADDED from src\main\AndroidManifest.xml:58:13-53
	android:name
		ADDED from src\main\AndroidManifest.xml:57:13-42
activity#com.example.admin.instanteyecheck_upsystem.keratitis
ADDED from src\main\AndroidManifest.xml:59:9-61:56
	android:parentActivityName
		ADDED from src\main\AndroidManifest.xml:61:13-53
	android:name
		ADDED from src\main\AndroidManifest.xml:60:13-38
activity#com.example.admin.instanteyecheck_upsystem.question3c
ADDED from src\main\AndroidManifest.xml:62:9-64:56
	android:parentActivityName
		ADDED from src\main\AndroidManifest.xml:64:13-53
	android:name
		ADDED from src\main\AndroidManifest.xml:63:13-39
activity#com.example.admin.instanteyecheck_upsystem.question7b
ADDED from src\main\AndroidManifest.xml:65:9-67:56
	android:parentActivityName
		ADDED from src\main\AndroidManifest.xml:67:13-53
	android:name
		ADDED from src\main\AndroidManifest.xml:66:13-39
activity#com.example.admin.instanteyecheck_upsystem.question7a
ADDED from src\main\AndroidManifest.xml:68:9-70:56
	android:parentActivityName
		ADDED from src\main\AndroidManifest.xml:70:13-53
	android:name
		ADDED from src\main\AndroidManifest.xml:69:13-39
activity#com.example.admin.instanteyecheck_upsystem.question8a
ADDED from src\main\AndroidManifest.xml:71:9-73:56
	android:parentActivityName
		ADDED from src\main\AndroidManifest.xml:73:13-53
	android:name
		ADDED from src\main\AndroidManifest.xml:72:13-39
activity#com.example.admin.instanteyecheck_upsystem.question8b
ADDED from src\main\AndroidManifest.xml:74:9-76:56
	android:parentActivityName
		ADDED from src\main\AndroidManifest.xml:76:13-53
	android:name
		ADDED from src\main\AndroidManifest.xml:75:13-39
activity#com.example.admin.instanteyecheck_upsystem.question8c
ADDED from src\main\AndroidManifest.xml:77:9-79:56
	android:parentActivityName
		ADDED from src\main\AndroidManifest.xml:79:13-53
	android:name
		ADDED from src\main\AndroidManifest.xml:78:13-39
activity#com.example.admin.instanteyecheck_upsystem.question12
ADDED from src\main\AndroidManifest.xml:80:9-82:56
	android:parentActivityName
		ADDED from src\main\AndroidManifest.xml:82:13-53
	android:name
		ADDED from src\main\AndroidManifest.xml:81:13-39
activity#com.example.admin.instanteyecheck_upsystem.question13
ADDED from src\main\AndroidManifest.xml:83:9-85:56
	android:parentActivityName
		ADDED from src\main\AndroidManifest.xml:85:13-53
	android:name
		ADDED from src\main\AndroidManifest.xml:84:13-39
activity#com.example.admin.instanteyecheck_upsystem.question14
ADDED from src\main\AndroidManifest.xml:86:9-88:56
	android:parentActivityName
		ADDED from src\main\AndroidManifest.xml:88:13-53
	android:name
		ADDED from src\main\AndroidManifest.xml:87:13-39
activity#com.example.admin.instanteyecheck_upsystem.styechalazion
ADDED from src\main\AndroidManifest.xml:89:9-91:56
	android:parentActivityName
		ADDED from src\main\AndroidManifest.xml:91:13-53
	android:name
		ADDED from src\main\AndroidManifest.xml:90:13-42
activity#com.example.admin.instanteyecheck_upsystem.allergicrhinitis
ADDED from src\main\AndroidManifest.xml:92:9-94:56
	android:parentActivityName
		ADDED from src\main\AndroidManifest.xml:94:13-53
	android:name
		ADDED from src\main\AndroidManifest.xml:93:13-45
activity#com.example.admin.instanteyecheck_upsystem.dacryocystits
ADDED from src\main\AndroidManifest.xml:95:9-97:56
	android:parentActivityName
		ADDED from src\main\AndroidManifest.xml:97:13-53
	android:name
		ADDED from src\main\AndroidManifest.xml:96:13-42
activity#com.example.admin.instanteyecheck_upsystem.question9a
ADDED from src\main\AndroidManifest.xml:98:9-100:56
	android:parentActivityName
		ADDED from src\main\AndroidManifest.xml:100:13-53
	android:name
		ADDED from src\main\AndroidManifest.xml:99:13-39
activity#com.example.admin.instanteyecheck_upsystem.question9b
ADDED from src\main\AndroidManifest.xml:101:9-103:56
	android:parentActivityName
		ADDED from src\main\AndroidManifest.xml:103:13-53
	android:name
		ADDED from src\main\AndroidManifest.xml:102:13-39
activity#com.example.admin.instanteyecheck_upsystem.question9c
ADDED from src\main\AndroidManifest.xml:104:9-106:56
	android:parentActivityName
		ADDED from src\main\AndroidManifest.xml:106:13-53
	android:name
		ADDED from src\main\AndroidManifest.xml:105:13-39
activity#com.example.admin.instanteyecheck_upsystem.question9d
ADDED from src\main\AndroidManifest.xml:107:9-109:56
	android:parentActivityName
		ADDED from src\main\AndroidManifest.xml:109:13-53
	android:name
		ADDED from src\main\AndroidManifest.xml:108:13-39
activity#com.example.admin.instanteyecheck_upsystem.question9e
ADDED from src\main\AndroidManifest.xml:110:9-112:56
	android:parentActivityName
		ADDED from src\main\AndroidManifest.xml:112:13-53
	android:name
		ADDED from src\main\AndroidManifest.xml:111:13-39
activity#com.example.admin.instanteyecheck_upsystem.question10
ADDED from src\main\AndroidManifest.xml:113:9-115:56
	android:parentActivityName
		ADDED from src\main\AndroidManifest.xml:115:13-53
	android:name
		ADDED from src\main\AndroidManifest.xml:114:13-39
activity#com.example.admin.instanteyecheck_upsystem.question10a
ADDED from src\main\AndroidManifest.xml:116:9-118:56
	android:parentActivityName
		ADDED from src\main\AndroidManifest.xml:118:13-53
	android:name
		ADDED from src\main\AndroidManifest.xml:117:13-40
activity#com.example.admin.instanteyecheck_upsystem.question10c
ADDED from src\main\AndroidManifest.xml:119:9-121:56
	android:parentActivityName
		ADDED from src\main\AndroidManifest.xml:121:13-53
	android:name
		ADDED from src\main\AndroidManifest.xml:120:13-40
activity#com.example.admin.instanteyecheck_upsystem.question11a
ADDED from src\main\AndroidManifest.xml:122:9-124:56
	android:parentActivityName
		ADDED from src\main\AndroidManifest.xml:124:13-53
	android:name
		ADDED from src\main\AndroidManifest.xml:123:13-40
activity#com.example.admin.instanteyecheck_upsystem.question11b
ADDED from src\main\AndroidManifest.xml:125:9-127:56
	android:parentActivityName
		ADDED from src\main\AndroidManifest.xml:127:13-53
	android:name
		ADDED from src\main\AndroidManifest.xml:126:13-40
activity#com.example.admin.instanteyecheck_upsystem.question11c
ADDED from src\main\AndroidManifest.xml:128:9-130:56
	android:parentActivityName
		ADDED from src\main\AndroidManifest.xml:130:13-53
	android:name
		ADDED from src\main\AndroidManifest.xml:129:13-40
activity#com.example.admin.instanteyecheck_upsystem.measles
ADDED from src\main\AndroidManifest.xml:131:9-133:56
	android:parentActivityName
		ADDED from src\main\AndroidManifest.xml:133:13-53
	android:name
		ADDED from src\main\AndroidManifest.xml:132:13-36
activity#com.example.admin.instanteyecheck_upsystem.question2
ADDED from src\main\AndroidManifest.xml:134:9-136:56
	android:parentActivityName
		ADDED from src\main\AndroidManifest.xml:136:13-53
	android:name
		ADDED from src\main\AndroidManifest.xml:135:13-38
activity#com.example.admin.instanteyecheck_upsystem.dryeyessyndrome
ADDED from src\main\AndroidManifest.xml:137:9-139:56
	android:parentActivityName
		ADDED from src\main\AndroidManifest.xml:139:13-53
	android:name
		ADDED from src\main\AndroidManifest.xml:138:13-44
activity#com.example.admin.instanteyecheck_upsystem.allergyanaphylaxis
ADDED from src\main\AndroidManifest.xml:140:9-142:56
	android:parentActivityName
		ADDED from src\main\AndroidManifest.xml:142:13-53
	android:name
		ADDED from src\main\AndroidManifest.xml:141:13-47
activity#com.example.admin.instanteyecheck_upsystem.bacterialconjunctivitis
ADDED from src\main\AndroidManifest.xml:143:9-145:56
	android:parentActivityName
		ADDED from src\main\AndroidManifest.xml:145:13-53
	android:name
		ADDED from src\main\AndroidManifest.xml:144:13-52
activity#com.example.admin.instanteyecheck_upsystem.bellspalsy
ADDED from src\main\AndroidManifest.xml:146:9-148:56
	android:parentActivityName
		ADDED from src\main\AndroidManifest.xml:148:13-53
	android:name
		ADDED from src\main\AndroidManifest.xml:147:13-39
activity#com.example.admin.instanteyecheck_upsystem.blepharitis
ADDED from src\main\AndroidManifest.xml:149:9-151:56
	android:parentActivityName
		ADDED from src\main\AndroidManifest.xml:151:13-53
	android:name
		ADDED from src\main\AndroidManifest.xml:150:13-40
activity#com.example.admin.instanteyecheck_upsystem.cornealulcer
ADDED from src\main\AndroidManifest.xml:152:9-154:56
	android:parentActivityName
		ADDED from src\main\AndroidManifest.xml:154:13-53
	android:name
		ADDED from src\main\AndroidManifest.xml:153:13-41
activity#com.example.admin.instanteyecheck_upsystem.viralconjunctivitis
ADDED from src\main\AndroidManifest.xml:155:9-157:56
	android:parentActivityName
		ADDED from src\main\AndroidManifest.xml:157:13-53
	android:name
		ADDED from src\main\AndroidManifest.xml:156:13-48
activity#com.example.admin.instanteyecheck_upsystem.LogoActivity
ADDED from src\main\AndroidManifest.xml:158:9-160:58
	android:theme
		ADDED from src\main\AndroidManifest.xml:160:13-55
	android:name
		ADDED from src\main\AndroidManifest.xml:159:13-41
activity#com.example.admin.instanteyecheck_upsystem.navigation
ADDED from src\main\AndroidManifest.xml:161:9-172:20
	android:screenOrientation
		ADDED from src\main\AndroidManifest.xml:165:13-49
	android:label
		ADDED from src\main\AndroidManifest.xml:164:13-45
	android:configChanges
		ADDED from src\main\AndroidManifest.xml:163:13-48
	android:theme
		ADDED from src\main\AndroidManifest.xml:166:13-55
	android:name
		ADDED from src\main\AndroidManifest.xml:162:13-39
intent-filter#android.intent.action.MAIN+android.intent.category.DEFAULT
ADDED from src\main\AndroidManifest.xml:167:13-171:29
action#android.intent.action.MAIN
ADDED from src\main\AndroidManifest.xml:168:17-69
	android:name
		ADDED from src\main\AndroidManifest.xml:168:25-66
category#android.intent.category.DEFAULT
ADDED from src\main\AndroidManifest.xml:170:17-76
	android:name
		ADDED from src\main\AndroidManifest.xml:170:27-73
activity#com.example.admin.instanteyecheck_upsystem.signlogin
ADDED from src\main\AndroidManifest.xml:173:9-47
	android:name
		ADDED from src\main\AndroidManifest.xml:173:19-44
activity#com.example.admin.instanteyecheck_upsystem.signup
ADDED from src\main\AndroidManifest.xml:174:9-44
	android:name
		ADDED from src\main\AndroidManifest.xml:174:19-41
activity#com.example.admin.instanteyecheck_upsystem.login
ADDED from src\main\AndroidManifest.xml:175:9-43
	android:name
		ADDED from src\main\AndroidManifest.xml:175:19-40
activity#com.example.admin.instanteyecheck_upsystem.image
ADDED from src\main\AndroidManifest.xml:176:9-178:56
	android:parentActivityName
		ADDED from src\main\AndroidManifest.xml:178:13-53
	android:name
		ADDED from src\main\AndroidManifest.xml:177:13-34
activity#com.example.admin.instanteyecheck_upsystem.diseasedetails
ADDED from src\main\AndroidManifest.xml:179:9-181:56
	android:parentActivityName
		ADDED from src\main\AndroidManifest.xml:181:13-53
	android:name
		ADDED from src\main\AndroidManifest.xml:180:13-43
activity#com.example.admin.instanteyecheck_upsystem.aboutus
ADDED from src\main\AndroidManifest.xml:182:9-185:56
	android:parentActivityName
		ADDED from src\main\AndroidManifest.xml:185:13-53
	android:exported
		ADDED from src\main\AndroidManifest.xml:184:13-36
	android:name
		ADDED from src\main\AndroidManifest.xml:183:13-36
activity#com.example.admin.instanteyecheck_upsystem.feedback
ADDED from src\main\AndroidManifest.xml:186:9-188:56
	android:parentActivityName
		ADDED from src\main\AndroidManifest.xml:188:13-53
	android:name
		ADDED from src\main\AndroidManifest.xml:187:13-37
activity#com.example.admin.instanteyecheck_upsystem.opengallery
ADDED from src\main\AndroidManifest.xml:189:9-191:56
	android:parentActivityName
		ADDED from src\main\AndroidManifest.xml:191:13-53
	android:name
		ADDED from src\main\AndroidManifest.xml:190:13-40
activity#com.example.admin.instanteyecheck_upsystem.a1
ADDED from src\main\AndroidManifest.xml:192:9-194:56
	android:parentActivityName
		ADDED from src\main\AndroidManifest.xml:194:13-53
	android:name
		ADDED from src\main\AndroidManifest.xml:193:13-31
activity#com.example.admin.instanteyecheck_upsystem.a2
ADDED from src\main\AndroidManifest.xml:195:9-197:56
	android:parentActivityName
		ADDED from src\main\AndroidManifest.xml:197:13-53
	android:name
		ADDED from src\main\AndroidManifest.xml:196:13-31
activity#com.example.admin.instanteyecheck_upsystem.a3
ADDED from src\main\AndroidManifest.xml:198:9-200:56
	android:parentActivityName
		ADDED from src\main\AndroidManifest.xml:200:13-53
	android:name
		ADDED from src\main\AndroidManifest.xml:199:13-31
activity#com.example.admin.instanteyecheck_upsystem.a4
ADDED from src\main\AndroidManifest.xml:201:9-203:56
	android:parentActivityName
		ADDED from src\main\AndroidManifest.xml:203:13-53
	android:name
		ADDED from src\main\AndroidManifest.xml:202:13-31
activity#com.example.admin.instanteyecheck_upsystem.a5
ADDED from src\main\AndroidManifest.xml:204:9-206:56
	android:parentActivityName
		ADDED from src\main\AndroidManifest.xml:206:13-53
	android:name
		ADDED from src\main\AndroidManifest.xml:205:13-31
activity#com.example.admin.instanteyecheck_upsystem.a6
ADDED from src\main\AndroidManifest.xml:207:9-209:56
	android:parentActivityName
		ADDED from src\main\AndroidManifest.xml:209:13-53
	android:name
		ADDED from src\main\AndroidManifest.xml:208:13-31